<?xml version="1.0" encoding="UTF-8"?>
<!-- Generated by org.testng.reporters.JUnitXMLReporter -->
<testsuite ignored="0" hostname="DESKTOP-4NVUOGM" failures="0" tests="5" name="Surefire test" time="82.048" errors="0" timestamp="2024-09-11T21:58:53 MSK">
  <testcase classname="com.mts.onlineReplenishment.FormTest" name="testFullTextDisplay" time="44.528"/>
  <testcase classname="com.mts.onlineReplenishment.PlaceholderCommunicationServicesTest" name="testAllPlaceholders" time="0.084"/>
  <testcase classname="com.mts.onlineReplenishment.PlaceholderDeptTest" name="testPlaceholderDept" time="0.098"/>
  <testcase classname="com.mts.onlineReplenishment.PlaceholderHomeInternetTest" name="testAllPlaceholders" time="0.068"/>
  <testcase classname="com.mts.onlineReplenishment.PlaceholderInstalmentTest" name="testAllPlaceholders" time="0.079"/>
</testsuite> <!-- Surefire test -->
