<?xml version="1.0" encoding="UTF-8"?>
<testsuite xmlns:xsi="http://www.w3.org/2001/XMLSchema-instance" xsi:noNamespaceSchemaLocation="https://maven.apache.org/surefire/maven-surefire-plugin/xsd/surefire-test-report-3.0.xsd" version="3.0" name="TestSuite" time="82.823" tests="5" errors="0" skipped="0" failures="0">
  <properties>
[...]
</properties>
  <testcase name="testFullTextDisplay" classname="com.mts.onlineReplenishment.FormTest" time="44.534">
    <system-out><![CDATA[Попап с куками не был найден: Expected condition failed: waiting for visibility of element located by By.className: cookie__wrapper (tried for 20 second(s) with 500 milliseconds interval)
Build info: version: '4.24.0', revision: '748ffc9bc3'
System info: os.name: 'Windows 11', os.arch: 'amd64', os.version: '10.0', java.version: '11.0.23'
Driver info: org.openqa.selenium.chrome.ChromeDriver
Capabilities {acceptInsecureCerts: false, browserName: chrome, browserVersion: 128.0.6613.120, chrome: {chromedriverVersion: 128.0.6613.86 (3045ed680fda..., userDataDir: C:\Users\SergeiX\AppData\Lo...}, fedcm:accounts: true, goog:chromeOptions: {debuggerAddress: localhost:54471}, networkConnectionEnabled: false, pageLoadStrategy: normal, platformName: windows, proxy: Proxy(), se:cdp: ws://localhost:54471/devtoo..., se:cdpVersion: 128.0.6613.120, setWindowRect: true, strictFileInteractability: false, timeouts: {implicit: 0, pageLoad: 300000, script: 30000}, unhandledPromptBehavior: dismiss and notify, webauthn:extension:credBlob: true, webauthn:extension:largeBlob: true, webauthn:extension:minPinLength: true, webauthn:extension:prf: true, webauthn:virtualAuthenticators: true}
Session ID: f0ccb26c2ca211aafb476993da640b05
]]></system-out>
  </testcase>
  <testcase name="testAllPlaceholders" classname="com.mts.onlineReplenishment.PlaceholderCommunicationServicesTest" time="0.084"/>
  <testcase name="testPlaceholderDept" classname="com.mts.onlineReplenishment.PlaceholderDeptTest" time="0.096"/>
  <testcase name="testAllPlaceholders" classname="com.mts.onlineReplenishment.PlaceholderHomeInternetTest" time="0.068"/>
  <testcase name="testAllPlaceholders" classname="com.mts.onlineReplenishment.PlaceholderInstalmentTest" time="0.071"/>
</testsuite>